Determining if the pthread_create exist failed with the following output:
Change Dir: /mnt/c/Users/guanggang.bian/Desktop/UDS_Service_with_DoIP/src/cmake-build-debug-wsl/CMakeFiles/CMakeTmp

Run Build Command:"/usr/bin/make" "cmTC_204af/fast"
/usr/bin/make -f CMakeFiles/cmTC_204af.dir/build.make CMakeFiles/cmTC_204af.dir/build
make[1]: Entering directory '/mnt/c/Users/guanggang.bian/Desktop/UDS_Service_with_DoIP/src/cmake-build-debug-wsl/CMakeFiles/CMakeTmp'
Building C object CMakeFiles/cmTC_204af.dir/CheckSymbolExists.c.o
/usr/bin/cc    -o CMakeFiles/cmTC_204af.dir/CheckSymbolExists.c.o   -c /mnt/c/Users/guanggang.bian/Desktop/UDS_Service_with_DoIP/src/cmake-build-debug-wsl/CMakeFiles/CMakeTmp/CheckSymbolExists.c
Linking C executable cmTC_204af
/usr/bin/cmake -E cmake_link_script CMakeFiles/cmTC_204af.dir/link.txt --verbose=1
/usr/bin/cc      -rdynamic CMakeFiles/cmTC_204af.dir/CheckSymbolExists.c.o  -o cmTC_204af 
CMakeFiles/cmTC_204af.dir/CheckSymbolExists.c.o: In function `main':
CheckSymbolExists.c:(.text+0x1b): undefined reference to `pthread_create'
collect2: error: ld returned 1 exit status
CMakeFiles/cmTC_204af.dir/build.make:97: recipe for target 'cmTC_204af' failed
make[1]: *** [cmTC_204af] Error 1
make[1]: Leaving directory '/mnt/c/Users/guanggang.bian/Desktop/UDS_Service_with_DoIP/src/cmake-build-debug-wsl/CMakeFiles/CMakeTmp'
Makefile:126: recipe for target 'cmTC_204af/fast' failed
make: *** [cmTC_204af/fast] Error 2

File /mnt/c/Users/guanggang.bian/Desktop/UDS_Service_with_DoIP/src/cmake-build-debug-wsl/CMakeFiles/CMakeTmp/CheckSymbolExists.c:
/* */
#include <pthread.h>

int main(int argc, char** argv)
{
  (void)argv;
#ifndef pthread_create
  return ((int*)(&pthread_create))[argc];
#else
  (void)argc;
  return 0;
#endif
}

Determining if the function pthread_create exists in the pthreads failed with the following output:
Change Dir: /mnt/c/Users/guanggang.bian/Desktop/UDS_Service_with_DoIP/src/cmake-build-debug-wsl/CMakeFiles/CMakeTmp

Run Build Command:"/usr/bin/make" "cmTC_feafe/fast"
/usr/bin/make -f CMakeFiles/cmTC_feafe.dir/build.make CMakeFiles/cmTC_feafe.dir/build
make[1]: Entering directory '/mnt/c/Users/guanggang.bian/Desktop/UDS_Service_with_DoIP/src/cmake-build-debug-wsl/CMakeFiles/CMakeTmp'
Building C object CMakeFiles/cmTC_feafe.dir/CheckFunctionExists.c.o
/usr/bin/cc   -DCHECK_FUNCTION_EXISTS=pthread_create   -o CMakeFiles/cmTC_feafe.dir/CheckFunctionExists.c.o   -c /usr/share/cmake-3.10/Modules/CheckFunctionExists.c
Linking C executable cmTC_feafe
/usr/bin/cmake -E cmake_link_script CMakeFiles/cmTC_feafe.dir/link.txt --verbose=1
/usr/bin/cc  -DCHECK_FUNCTION_EXISTS=pthread_create    -rdynamic CMakeFiles/cmTC_feafe.dir/CheckFunctionExists.c.o  -o cmTC_feafe -lpthreads 
/usr/bin/ld: cannot find -lpthreads
collect2: error: ld returned 1 exit status
CMakeFiles/cmTC_feafe.dir/build.make:97: recipe for target 'cmTC_feafe' failed
make[1]: *** [cmTC_feafe] Error 1
make[1]: Leaving directory '/mnt/c/Users/guanggang.bian/Desktop/UDS_Service_with_DoIP/src/cmake-build-debug-wsl/CMakeFiles/CMakeTmp'
Makefile:126: recipe for target 'cmTC_feafe/fast' failed
make: *** [cmTC_feafe/fast] Error 2


